<?xml version="1.0" encoding="UTF-8"?>
<!-- Generated by org.testng.reporters.JUnitReportReporter -->
<testsuite hostname="DESKTOP-OE9L8AE" failures="0" tests="3" name="Batch.Fail_TC" time="0.010" errors="0" timestamp="2022-11-02T08:39:03 GMT-07:00" skipped="2">
  <testcase classname="Batch.Fail_TC" name="TC3" time="0.010"/>
  <system-out>
    <![CDATA[I FROM TC3]]>
  </system-out>
  <testcase classname="Batch.Fail_TC" name="TC2">
    <skipped/>
  </testcase> <!-- TC2 -->
  <system-out/>
  <testcase classname="Batch.Fail_TC" name="TC1">
    <skipped/>
  </testcase> <!-- TC1 -->
  <system-out/>
</testsuite> <!-- Batch.Fail_TC -->
