<?xml version="1.0" encoding="UTF-8"?>
<!-- Generated by org.testng.reporters.JUnitReportReporter -->
<testsuite hostname="DESKTOP-OE9L8AE" failures="0" tests="3" name="test_NG.first" time="0.011" errors="0" timestamp="2022-11-01T07:45:43 GMT-07:00" skipped="0">
  <testcase classname="test_NG.first" name="TC2" time="0.003"/>
  <system-out>
    <![CDATA[Running from TC2]]>
  </system-out>
  <testcase classname="test_NG.first" name="TC1" time="0.006"/>
  <system-out>
    <![CDATA[Running from TC1]]>
  </system-out>
  <testcase classname="test_NG.first" name="TC3" time="0.002"/>
  <system-out>
    <![CDATA[Running from TC3]]>
  </system-out>
</testsuite> <!-- test_NG.first -->
