<?xml version="1.0" encoding="UTF-8"?>
<!-- Generated by org.testng.reporters.JUnitReportReporter -->
<testsuite hostname="DESKTOP-OE9L8AE" failures="0" tests="1" name="Parallel.amma" time="10.056" errors="0" timestamp="2022-11-02T09:23:01 GMT-07:00" skipped="0">
  <testcase classname="Parallel.amma" name="Tc" time="10.056"/>
  <system-out/>
</testsuite> <!-- Parallel.amma -->
