<?xml version="1.0" encoding="UTF-8"?>
<!-- Generated by org.testng.reporters.JUnitReportReporter -->
<testsuite hostname="DESKTOP-OE9L8AE" failures="0" tests="1" name="Parallel.Flipkart" time="4.998" errors="0" timestamp="2022-11-02T09:23:01 GMT-07:00" skipped="0">
  <testcase classname="Parallel.Flipkart" name="Tc" time="4.998"/>
  <system-out/>
</testsuite> <!-- Parallel.Flipkart -->
