<?xml version="1.0" encoding="UTF-8"?>
<!-- Generated by org.testng.reporters.JUnitReportReporter -->
<testsuite hostname="DESKTOP-OE9L8AE" failures="0" tests="3" name="Batch.C" time="0.006" errors="0" timestamp="2022-11-02T08:19:38 GMT-07:00" skipped="0">
  <testcase classname="Batch.C" name="TC8" time="0.002"/>
  <system-out>
    <![CDATA[I FROM TC8]]>
  </system-out>
  <testcase classname="Batch.C" name="TC9" time="0.003"/>
  <system-out>
    <![CDATA[I FROM TC9]]>
  </system-out>
  <testcase classname="Batch.C" name="TC7" time="0.001"/>
  <system-out>
    <![CDATA[I FROM TC7]]>
  </system-out>
</testsuite> <!-- Batch.C -->
