<?xml version="1.0" encoding="UTF-8"?>
<!-- Generated by org.testng.reporters.JUnitReportReporter -->
<testsuite hostname="DESKTOP-OE9L8AE" failures="0" tests="1" name="Assert_Class.Not_equal" time="0.012" errors="0" timestamp="2022-11-04T04:34:19 GMT-07:00" skipped="0">
  <testcase classname="Assert_Class.Not_equal" name="TC2" time="0.012"/>
  <system-out/>
</testsuite> <!-- Assert_Class.Not_equal -->
