<?xml version="1.0" encoding="UTF-8"?>
<!-- Generated by org.testng.reporters.JUnitReportReporter -->
<testsuite hostname="DESKTOP-OE9L8AE" failures="0" tests="3" name="Batch.A" time="0.006" errors="0" timestamp="2022-11-02T08:19:38 GMT-07:00" skipped="0">
  <testcase classname="Batch.A" name="TC2" time="0.001"/>
  <system-out>
    <![CDATA[I FROM TC2]]>
  </system-out>
  <testcase classname="Batch.A" name="TC3" time="0.002"/>
  <system-out>
    <![CDATA[I FROM TC3]]>
  </system-out>
  <testcase classname="Batch.A" name="TC1" time="0.003"/>
  <system-out>
    <![CDATA[I FROM TC1]]>
  </system-out>
</testsuite> <!-- Batch.A -->
