<?xml version="1.0" encoding="UTF-8"?>
<!-- Generated by org.testng.reporters.JUnitReportReporter -->
<testsuite hostname="DESKTOP-OE9L8AE" failures="0" tests="1" name="Parallel.facebook" time="6.117" errors="0" timestamp="2022-11-02T09:23:01 GMT-07:00" skipped="0">
  <testcase classname="Parallel.facebook" name="Tc" time="6.117"/>
  <system-out/>
</testsuite> <!-- Parallel.facebook -->
