<?xml version="1.0" encoding="UTF-8"?>
<!-- Generated by org.testng.reporters.JUnitReportReporter -->
<testsuite hostname="DESKTOP-OE9L8AE" failures="0" tests="1" name="Batch.B" time="0.010" errors="0" timestamp="2022-11-02T08:19:38 GMT-07:00" skipped="0">
  <testcase classname="Batch.B" name="TC6" time="0.010"/>
  <system-out>
    <![CDATA[I FROM TC6]]>
  </system-out>
</testsuite> <!-- Batch.B -->
